<?xml version="1.0" encoding="UTF-8"?>
<testng-results skipped="0" failed="1" ignored="0" total="1" passed="0">
  <reporter-output>
  </reporter-output>
  <suite name="Default suite" duration-ms="40191" started-at="2021-03-23T14:27:48 IST" finished-at="2021-03-23T14:28:28 IST">
    <groups>
    </groups>
    <test name="Default test" duration-ms="40191" started-at="2021-03-23T14:27:48 IST" finished-at="2021-03-23T14:28:28 IST">
      <class name="com.Hackatone.TestClasses.GetStudyChair">
        <test-method status="FAIL" signature="testForStudyChairs()[pri:0, instance:com.Hackatone.TestClasses.GetStudyChair@d0ec63]" name="testForStudyChairs" duration-ms="33229" started-at="2021-03-23T14:27:48 IST" finished-at="2021-03-23T14:28:22 IST">
          <exception class="java.lang.NoClassDefFoundError">
            <message>
              <![CDATA[org/apache/xmlbeans/XmlException]]>
            </message>
            <full-stacktrace>
              <![CDATA[java.lang.NoClassDefFoundError: org/apache/xmlbeans/XmlException
at com.Hackatone.output.ShowOutputInExcel.showStudyChairDetailsInExcelFile(ShowOutputInExcel.java:19)
at com.Hackatone.TestClasses.GetStudyChair.testForStudyChairs(GetStudyChair.java:44)
at sun.reflect.NativeMethodAccessorImpl.invoke0(Native Method)
at sun.reflect.NativeMethodAccessorImpl.invoke(NativeMethodAccessorImpl.java:62)
at sun.reflect.DelegatingMethodAccessorImpl.invoke(DelegatingMethodAccessorImpl.java:43)
at java.lang.reflect.Method.invoke(Method.java:498)
at org.testng.internal.MethodInvocationHelper.invokeMethod(MethodInvocationHelper.java:132)
at org.testng.internal.TestInvoker.invokeMethod(TestInvoker.java:599)
at org.testng.internal.TestInvoker.invokeTestMethod(TestInvoker.java:174)
at org.testng.internal.MethodRunner.runInSequence(MethodRunner.java:46)
at org.testng.internal.TestInvoker$MethodInvocationAgent.invoke(TestInvoker.java:822)
at org.testng.internal.TestInvoker.invokeTestMethods(TestInvoker.java:147)
at org.testng.internal.TestMethodWorker.invokeTestMethods(TestMethodWorker.java:146)
at org.testng.internal.TestMethodWorker.run(TestMethodWorker.java:128)
at java.util.ArrayList.forEach(ArrayList.java:1249)
at org.testng.TestRunner.privateRun(TestRunner.java:764)
at org.testng.TestRunner.run(TestRunner.java:585)
at org.testng.SuiteRunner.runTest(SuiteRunner.java:384)
at org.testng.SuiteRunner.runSequentially(SuiteRunner.java:378)
at org.testng.SuiteRunner.privateRun(SuiteRunner.java:337)
at org.testng.SuiteRunner.run(SuiteRunner.java:286)
at org.testng.SuiteRunnerWorker.runSuite(SuiteRunnerWorker.java:53)
at org.testng.SuiteRunnerWorker.run(SuiteRunnerWorker.java:96)
at org.testng.TestNG.runSuitesSequentially(TestNG.java:1218)
at org.testng.TestNG.runSuitesLocally(TestNG.java:1140)
at org.testng.TestNG.runSuites(TestNG.java:1069)
at org.testng.TestNG.run(TestNG.java:1037)
at org.testng.remote.AbstractRemoteTestNG.run(AbstractRemoteTestNG.java:115)
at org.testng.remote.RemoteTestNG.initAndRun(RemoteTestNG.java:251)
at org.testng.remote.RemoteTestNG.main(RemoteTestNG.java:77)
Caused by: java.lang.ClassNotFoundException: org.apache.xmlbeans.XmlException
at java.net.URLClassLoader.findClass(URLClassLoader.java:381)
at java.lang.ClassLoader.loadClass(ClassLoader.java:424)
at sun.misc.Launcher$AppClassLoader.loadClass(Launcher.java:331)
at java.lang.ClassLoader.loadClass(ClassLoader.java:357)
... 30 more
]]>
            </full-stacktrace>
          </exception> <!-- java.lang.NoClassDefFoundError -->
          <reporter-output>
          </reporter-output>
        </test-method> <!-- testForStudyChairs -->
        <test-method status="PASS" signature="afterTest()[pri:0, instance:com.Hackatone.TestClasses.GetStudyChair@d0ec63]" name="afterTest" is-config="true" duration-ms="5634" started-at="2021-03-23T14:28:22 IST" finished-at="2021-03-23T14:28:27 IST">
          <reporter-output>
          </reporter-output>
        </test-method> <!-- afterTest -->
        <test-method status="PASS" signature="endReport()[pri:0, instance:com.Hackatone.TestClasses.GetStudyChair@d0ec63]" name="endReport" is-config="true" duration-ms="882" started-at="2021-03-23T14:28:28 IST" finished-at="2021-03-23T14:28:28 IST">
          <reporter-output>
          </reporter-output>
        </test-method> <!-- endReport -->
      </class> <!-- com.Hackatone.TestClasses.GetStudyChair -->
    </test> <!-- Default test -->
  </suite> <!-- Default suite -->
</testng-results>
